ARMS Sensor Summary Generated at 2023-12-27 00:00:01

UWA Stations
  Matilda Buoy                          	: 2019-12-04 09:00:00 to 2021-10-23 09:30:00
  Kwilena Buoy                          	: 2019-12-04 09:00:00 to 2023-12-26 09:55:00

BOM Perth Weather Stations
  IDY Garden Island                     	: 2021-07-15 08:00:00 to 2023-12-26 22:30:00
  IDY Gingin Airport                    	: 2021-07-15 08:00:00 to 2021-11-16 12:00:00
  IDY Jandakot                          	: 2021-07-15 08:00:00 to 2023-12-26 22:30:00
  IDY Melville Water                    	: 2021-07-15 08:00:00 to 2023-12-26 22:30:00
  IDY OceanReef                         	: 2021-07-15 08:00:00 to 2023-12-19 13:30:00
  IDY Perth Airport                     	: 2021-07-15 08:00:00 to 2023-12-26 22:30:00
  IDY Perth Metro                       	: 2021-07-15 08:00:00 to 2023-12-26 22:30:00
  IDY Rottnest                          	: 2021-07-15 08:00:00 to 2023-12-26 22:30:00
  IDY Swanbourne                        	: 2021-07-15 08:00:00 to 2023-12-26 22:30:00
  IDO Hillarys                          	: 1992-01-01 00:00:00 to 2023-06-30 22:00:00
  IDW Meadow St Bridge                  	: 2021-11-24 00:10:00 to 2023-12-26 19:55:00
  IDW Kent St Weir                      	: 2021-11-24 00:10:00 to 2023-12-26 19:55:00
  IDW Barrack St Jetty                  	: 2021-11-24 00:20:00 to 2023-12-26 20:37:00

DWER Flow Gauging Stations
  [616092] Walyunga                     	: 2019-12-21 17:00:00 to 2023-12-25 20:00:00
  [616084] Anaconda Drive               	: 2020-01-31 17:00:00 to 2023-12-25 20:00:00
  [616084] Benara Road                  	: 2019-12-22 17:00:00 to 2023-12-25 20:00:00
  [616088] Gt Northern Hwy              	: 2018-10-17 01:00:00 to 2023-12-25 20:00:00
  [616178] National Park                	: 2019-12-31 17:00:00 to 2023-12-25 21:00:00
  [616099] River Rd                     	: 2019-12-23 17:00:00 to 2023-12-25 20:00:00
  [616189] Railway Pde                  	: 2019-12-31 17:00:00 to 2023-12-25 21:00:00
  [616027] Seaforth                     	: 2020-01-23 17:00:00 to 2023-12-25 20:00:00
  [616082] Slade St                     	: 2018-10-17 01:00:00 to 2023-12-25 21:00:00
  [616086] Whiteman Rd                  	: 2018-10-17 01:00:00 to 2022-04-05 11:00:00

DOT Tide Monitoring Stations
  Barrack Street                        	: 2021-12-07 10:30:00 to 2023-12-26 21:30:00
  Fremantle                             	: 2021-12-07 10:30:00 to 2023-12-26 21:15:00
  Mandurah                              	: 2021-12-07 10:30:00 to 2023-12-26 21:15:00
  Peel Inlet                            	: 2021-12-07 10:30:00 to 2023-12-26 21:30:00

DBCA Oxygenation Stations
  Guildford Downstream                  	: 2023-01-01 00:00:00 to 2023-12-26 23:30:00
  Guildford Upstream                    	: 2023-01-01 00:00:00 to 2023-12-26 09:00:00
  Caversham Downstream                  	: 2023-01-01 00:00:00 to 2023-12-26 09:00:00
  Caversham Downstream                  	: 2023-01-01 00:00:00 to 2023-12-26 09:00:00
  Bacon Downstream                      	: 2023-01-01 00:00:00 to 2023-12-26 09:10:00
  Bacon Upstream                        	: 2023-01-01 00:00:00 to 2023-12-26 09:10:00
  Nicholson Downstream                  	: 2023-01-01 00:00:00 to 2023-12-26 09:10:00
  Nicholson Upstream                    	: 2023-01-01 00:00:00 to 2023-12-26 09:10:00

DBCA FPMQ Stations
  FP1                                   	: 2005-10-17 08:23:01 to 2023-12-18 08:59:39
  FP2.1                                 	: 2010-06-08 08:40:00 to 2022-02-28 09:00:58
  FP2.2                                 	: 2021-01-18 08:49:01 to 2023-12-18 09:13:30
  FP7                                   	: 2005-10-17 09:15:01 to 2023-12-18 09:37:19

DBCA SCCWQ Stations
  AIRSMD                                	: 2016-06-22 10:59:00 to 2023-12-20 08:21:06
  ASHD                                  	: 2010-03-10 13:06:00 to 2023-12-20 11:19:01
  BANNC                                 	: 1987-06-12 11:45:00 to 2023-12-20 11:19:26
  BAYMD                                 	: 1987-06-12 10:45:00 to 2023-12-20 11:57:17
  BENNB                                 	: 1998-06-02 09:00:00 to 2023-12-20 10:55:22
  BICKB                                 	: 1996-04-23 09:30:00 to 2023-12-20 09:23:00
  BLACKC                                	: 1989-07-24 11:30:00 to 2023-12-20 09:38:00
  BODD                                  	: 2010-03-10 07:58:00 to 2023-12-20 07:47:12
  CANND                                 	: 2010-03-10 09:27:00 to 2023-12-20 08:34:50
  CANNR                                 	: 2006-10-31 08:48:00 to 2023-12-20 09:47:18
  CBDMD                                 	: 2016-08-31 14:00:00 to 2023-12-20 12:43:00
  CLAISB                                	: 2010-12-15 14:24:00 to 2023-12-20 12:35:00
  ELLENB1                               	: 1987-06-12 12:00:00 to 2023-12-20 10:08:00
  ELLENB2                               	: 2010-03-30 12:27:00 to 2023-12-20 10:24:04
  ELLISB                                	: 2010-03-10 10:00:00 to 2023-12-20 09:30:00
  HELENR                                	: 1987-06-12 12:00:00 to 2023-12-20 08:54:00
  HENLB                                 	: 2010-03-10 14:00:00 to 2023-12-20 10:33:00
  JANEB                                 	: 1987-06-12 11:00:00 to 2023-12-20 09:43:00
  LIMEC                                 	: 2010-03-10 12:30:00 to 2023-12-20 08:39:12
  MADDD                                 	: 2010-03-10 09:54:00 to 2023-12-20 09:27:00
  MAYMD                                 	: 2011-08-25 11:10:00 to 2023-12-20 12:17:19
  MILLMD                                	: 1987-06-12 12:00:00 to 2023-12-20 08:15:48
  NEERB                                 	: 2010-03-10 11:00:00 to 2023-12-20 10:25:00
  SBELMD                                	: 2011-05-10 12:30:00 to 2023-12-20 07:58:56
  SHELLD1                               	: 2010-03-10 08:41:00 to 2023-12-20 11:54:25
  SHELLD2                               	: 2011-08-12 13:39:00 to 2023-12-20 11:40:03
  STHNR                                 	: 1987-06-12 11:35:00 to 2023-12-20 10:52:01
  STLEOC                                	: 2010-03-10 14:05:00 to 2023-12-20 10:40:00
  SUSANB                                	: 1997-08-05 08:15:00 to 2023-12-20 09:55:00
  SWANR                                 	: 1994-06-04 09:40:00 to 2023-12-20 10:03:00
  WILMD                                 	: 2011-08-10 10:27:00 to 2023-12-20 07:57:00
  YULEB                                 	: 1987-06-12 12:00:00 to 2023-12-20 08:57:18
  BAYMD2                                	: 2023-08-16 13:15:00 to 2023-12-20 11:39:45
  HELENR2                               	: 2023-08-16 09:12:00 to 2023-12-20 09:05:00

DBCA SCESB Stations
  ARM                                   	: 2010-06-08 10:03:01 to 2023-12-18 10:47:27
  BAC                                   	: 2010-06-08 10:11:01 to 2023-12-19 10:21:29
  BACD300                               	: 2010-08-03 10:17:40 to 2022-12-13 10:19:02
  BACD500                               	: 2010-06-01 10:40:00 to 2023-12-19 10:08:37
  BACU300                               	: 2010-06-01 11:21:00 to 2023-02-07 10:36:52
  BLA                                   	: 2010-06-08 09:35:01 to 2023-12-18 10:18:03
  CASMID                                	: 2010-06-08 08:39:01 to 2023-12-19 09:15:11
  CAV                                   	: 2015-05-11 10:20:21 to 2023-12-18 10:28:45
  ELL                                   	: 2010-06-08 11:25:01 to 2023-12-19 11:50:22
  GRE                                   	: 2015-05-12 10:43:26 to 2022-12-13 10:54:01
  HEA                                   	: 2013-10-07 10:27:01 to 2023-12-18 11:05:30
  JBC                                   	: 2015-05-11 09:34:55 to 2023-12-18 09:46:42
  KEN                                   	: 2010-06-08 09:24:01 to 2023-12-19 09:55:35
  KENU300                               	: 2015-05-12 09:22:12 to 2022-12-13 10:05:13
  KIN                                   	: 2010-06-08 13:15:01 to 2023-12-18 12:42:04
  KMO                                   	: 2015-05-11 11:34:02 to 2023-12-18 12:19:43
  KS7                                   	: 2015-05-12 10:51:15 to 2023-12-19 10:45:57
  KS9                                   	: 2012-09-25 11:55:00 to 2023-12-19 11:24:26
  MACD50                                	: 2018-04-17 12:38:57 to 2022-12-13 12:18:45
  MASD50                                	: 2015-05-12 10:59:13 to 2022-12-13 11:09:53
  MAY                                   	: 2010-06-08 12:22:01 to 2023-12-18 13:13:50
  MEAD                                  	: 2015-05-11 10:57:25 to 2023-12-18 11:38:12
  MSB                                   	: 2010-07-05 10:08:00 to 2023-12-18 09:57:56
  MULB                                  	: 2015-05-11 10:47:03 to 2023-12-18 11:22:19
  NAR                                   	: 2010-06-08 11:06:01 to 2023-12-18 11:43:38
  NIC                                   	: 2010-06-08 11:08:01 to 2023-12-19 11:11:50
  NICD200                               	: 2015-05-12 11:06:10 to 2022-12-13 11:19:28
  NIL                                   	: 2010-06-08 11:44:01 to 2023-12-18 12:26:32
  PAC                                   	: 2015-05-12 09:41:50 to 2023-12-19 11:34:09
  PO2                                   	: 2010-06-01 11:30:00 to 2023-12-19 10:33:33
  POL                                   	: 2015-05-11 09:20:01 to 2023-12-18 09:33:41
  REG                                   	: 2015-05-11 10:06:59 to 2023-12-18 10:14:42
  RIV                                   	: 2010-06-08 08:14:01 to 2023-12-19 08:48:06
  RON                                   	: 2010-06-08 12:52:01 to 2023-12-18 13:14:02
  SAL                                   	: 2010-06-08 07:36:01 to 2023-12-19 08:38:03
  SANDBR                                	: 2015-05-11 12:02:33 to 2023-12-18 12:57:33
  SCB2                                  	: 2013-01-30 07:58:00 to 2023-12-19 08:05:28
  SHELL                                 	: 2020-05-19 08:13:25 to 2023-12-19 08:32:21
  STJ                                   	: 2010-06-08 12:03:37 to 2023-12-18 12:56:15
  SUC                                   	: 2010-06-08 13:33:01 to 2023-12-18 11:58:11
  VIT                                   	: 2015-05-11 11:25:18 to 2023-12-18 12:08:38
  WMP                                   	: 2010-07-05 11:23:00 to 2023-12-18 11:02:30

DPIRD Weather Stations
  South Perth                           	: 2023-01-01 08:00:00 to 2023-12-26 05:00:00

WRF Forecast
  Domain 1                              	:  Unknown
  Domain 2                              	:  Unknown

WRF Historical
  Domain 1                              	: 2018-01-01 08:00:00 to 2018-01-31 08:00:00
  Domain 2                              	: 2018-01-01 08:00:00 to 2018-01-31 08:00:00

BOM IDY Weather Stations (ALL)
  IDY Badgingarra                       	: 2021-07-15 08:00:00 to 2023-12-26 22:30:00
  IDY Bickley                           	: 2021-07-15 08:00:00 to 2023-12-26 22:00:00
  IDY Bridgetown                        	: 2021-07-15 08:00:00 to 2023-12-26 22:30:00
  IDY Bunbury                           	: 2021-07-15 08:00:00 to 2023-12-26 22:30:00
  IDY Busselton Airport                 	: 2021-07-15 08:00:00 to 2023-12-26 22:30:00
  IDY Cape Naturaliste                  	: 2021-07-15 08:00:00 to 2023-12-26 22:30:00
  IDY Champion Lakes                    	:  Unknown
  IDY Collie East                       	:  Unknown
  IDY Dalwallinu                        	: 2021-07-15 08:00:00 to 2023-12-26 22:00:00
  IDY Dwellingup                        	: 2021-07-15 08:00:00 to 2023-12-26 22:00:00
  IDY Garden Island                     	: 2021-07-15 08:00:00 to 2023-12-26 22:30:00
  IDY Geraldton Airport                 	: 2021-07-15 08:00:00 to 2023-12-26 22:30:00
  IDY Gingin Airport                    	: 2021-07-15 08:00:00 to 2021-11-16 12:00:00
  IDY Hopetoun North                    	: 2021-07-15 08:00:00 to 2023-12-26 22:30:00
  IDY Jacup                             	: 2021-07-15 08:00:00 to 2023-12-26 22:30:00
  IDY Jandakot                          	: 2021-07-15 08:00:00 to 2023-12-26 22:30:00
  IDY Kalgoorlie                        	: 2021-07-15 08:00:00 to 2023-12-26 22:30:00
  IDY Katanning RS                      	: 2021-07-15 08:00:00 to 2023-12-26 22:30:00
  IDY Lake Grace                        	: 2021-07-15 08:00:00 to 2023-12-26 22:00:00
  IDY Mandurah                          	: 2021-07-15 08:00:00 to 2023-12-26 22:30:00
  IDY Manjimup                          	: 2021-07-15 08:00:00 to 2023-12-26 22:00:00
  IDY Marowa Airport                    	: 2021-07-15 08:00:00 to 2023-12-26 22:30:00
  IDY Melville Water                    	: 2021-07-15 08:00:00 to 2023-12-26 22:30:00
  IDY Munglinup West                    	: 2021-07-15 08:00:00 to 2023-12-26 22:30:00
  IDY Newdegate                         	: 2021-07-15 08:00:00 to 2023-12-26 22:30:00
  IDY OceanReef                         	: 2021-07-15 08:00:00 to 2023-12-19 13:30:00
  IDY Perth Airport                     	: 2021-07-15 08:00:00 to 2023-12-26 22:30:00
  IDY Perth Metro                       	: 2021-07-15 08:00:00 to 2023-12-26 22:30:00
  IDY Rottnest                          	: 2021-07-15 08:00:00 to 2023-12-26 22:30:00
  IDY Southern Cross Airport            	: 2021-07-15 08:00:00 to 2023-12-26 22:00:00
  IDY Swanbourne                        	: 2021-07-15 08:00:00 to 2023-12-26 22:30:00
  IDY Wandering                         	: 2021-07-15 08:00:00 to 2023-12-26 22:00:00
  IDY Witchcliffe                       	: 2021-07-15 08:00:00 to 2021-08-01 16:30:00
ggg
