2023-01-16 09:57:10,126 DEBUG:  -- START OF ARMS SYSTEM PROCESSING -- 
2023-01-16 09:57:10,129 DEBUG: Task list loaded.
2023-01-16 09:57:10,129 DEBUG: Total number of tasks: 1
2023-01-16 09:57:10,129  INFO:  -- START  -- KS7_b.xml
2023-01-16 09:57:10,130  INFO:  -- Mon Jan 16 09:57:10 AWST 2023
2023-01-16 09:57:10,130  INFO:  -- TASK 1/1 -- /scevo/config/tasks/data/dbca/scesb/stations/KS7_b/raw/import.xml 9:57:10 am
2023-01-16 09:57:10,235 ERROR: CAUGHT EXCEPTION: 
ARMS Address supplied could not be found. Failed to find KS7_b in scevo.data.dbca.scesb.KS7_b.raw.Site_Ref

Error in Task: 1

Error in Task: 1
Config file: /scevo/config/tasks/data/dbca/scesb/stations/KS7_b/raw/import.xml
Method: executeTask

cwr.arms.tasks.TaskException: 
ARMS Address supplied could not be found. Failed to find KS7_b in scevo.data.dbca.scesb.KS7_b.raw.Site_Ref

Error in Task: 1

Error in Task: 1
Config file: /scevo/config/tasks/data/dbca/scesb/stations/KS7_b/raw/import.xml
Method: executeTask

	at cwr.arms.tasks.data.textfile.ImportTask.executeTask(ImportTask.java:223)
	at cwr.arms.tasks.TaskList.runTasksList(TaskList.java:218)
	at cwr.arms.tasks.TaskListManager.runTaskListFileUnThreaded(TaskListManager.java:109)
	at cwr.arms.tasks.TaskListManager$1.run(TaskListManager.java:144)
	at java.base/java.util.concurrent.ThreadPoolExecutor.runWorker(ThreadPoolExecutor.java:1128)
	at java.base/java.util.concurrent.ThreadPoolExecutor$Worker.run(ThreadPoolExecutor.java:628)
	at java.base/java.lang.Thread.run(Thread.java:829)
2023-01-16 09:57:10,235  INFO:  -- END  -- Mon Jan 16 09:57:10 AWST 2023
2023-01-16 09:57:10,235  INFO: Number of errors: 1
