2022-11-10 16:09:34,605 DEBUG:  -- START OF ARMS SYSTEM PROCESSING -- 
2022-11-10 16:09:34,608 ERROR: CAUGHT EXCEPTION: File specified does not exist in database: /scevo/config/tasklists/data/dbca/sccwq/stations/AIRSMD
cwr.arms.io.IOException: File specified does not exist in database: /scevo/config/tasklists/data/dbca/sccwq/stations/AIRSMD
	at cwr.config.XMLConfig.readConfigContentsFromDB(XMLConfig.java:373)
	at cwr.config.XMLConfig.readConfigFromDB(XMLConfig.java:436)
	at cwr.config.XMLConfig.readFromDb_(XMLConfig.java:204)
	at cwr.config.XMLConfig.readXMLConfig(XMLConfig.java:147)
	at cwr.arms.tasks.TaskList.getAllConfigsFromTaskList(TaskList.java:540)
	at cwr.arms.tasks.TaskList.runTasksList(TaskList.java:155)
	at cwr.arms.tasks.TaskListManager.runTaskListFileUnThreaded(TaskListManager.java:109)
	at cwr.arms.tasks.TaskListManager$1.run(TaskListManager.java:144)
	at java.base/java.util.concurrent.ThreadPoolExecutor.runWorker(ThreadPoolExecutor.java:1128)
	at java.base/java.util.concurrent.ThreadPoolExecutor$Worker.run(ThreadPoolExecutor.java:628)
	at java.base/java.lang.Thread.run(Thread.java:829)
2022-11-11 11:22:11,143 DEBUG:  -- START OF ARMS SYSTEM PROCESSING -- 
2022-11-11 11:22:11,146 ERROR: CAUGHT EXCEPTION: File specified does not exist in database: /scevo/config/tasklists/data/dbca/sccwq/stations/AIRSMD
cwr.arms.io.IOException: File specified does not exist in database: /scevo/config/tasklists/data/dbca/sccwq/stations/AIRSMD
	at cwr.config.XMLConfig.readConfigContentsFromDB(XMLConfig.java:373)
	at cwr.config.XMLConfig.readConfigFromDB(XMLConfig.java:436)
	at cwr.config.XMLConfig.readFromDb_(XMLConfig.java:204)
	at cwr.config.XMLConfig.readXMLConfig(XMLConfig.java:147)
	at cwr.arms.tasks.TaskList.getAllConfigsFromTaskList(TaskList.java:540)
	at cwr.arms.tasks.TaskList.runTasksList(TaskList.java:155)
	at cwr.arms.tasks.TaskListManager.runTaskListFileUnThreaded(TaskListManager.java:109)
	at cwr.arms.tasks.TaskListManager$1.run(TaskListManager.java:144)
	at java.base/java.util.concurrent.ThreadPoolExecutor.runWorker(ThreadPoolExecutor.java:1128)
	at java.base/java.util.concurrent.ThreadPoolExecutor$Worker.run(ThreadPoolExecutor.java:628)
	at java.base/java.lang.Thread.run(Thread.java:829)
2022-12-29 14:37:08,413 DEBUG:  -- START OF ARMS SYSTEM PROCESSING -- 
2022-12-29 14:37:08,435 ERROR: CAUGHT EXCEPTION: File specified does not exist in database: /scevo/config/tasklists/data/dbca/sccwq/stations/AIRSMD
cwr.arms.io.IOException: File specified does not exist in database: /scevo/config/tasklists/data/dbca/sccwq/stations/AIRSMD
	at cwr.config.XMLConfig.readConfigContentsFromDB(XMLConfig.java:373)
	at cwr.config.XMLConfig.readConfigFromDB(XMLConfig.java:436)
	at cwr.config.XMLConfig.readFromDb_(XMLConfig.java:204)
	at cwr.config.XMLConfig.readXMLConfig(XMLConfig.java:147)
	at cwr.arms.tasks.TaskList.getAllConfigsFromTaskList(TaskList.java:540)
	at cwr.arms.tasks.TaskList.runTasksList(TaskList.java:155)
	at cwr.arms.tasks.TaskListManager.runTaskListFileUnThreaded(TaskListManager.java:109)
	at cwr.arms.tasks.TaskListManager$1.run(TaskListManager.java:144)
	at java.base/java.util.concurrent.ThreadPoolExecutor.runWorker(ThreadPoolExecutor.java:1128)
	at java.base/java.util.concurrent.ThreadPoolExecutor$Worker.run(ThreadPoolExecutor.java:628)
	at java.base/java.lang.Thread.run(Thread.java:829)
2022-12-29 14:37:16,228 DEBUG:  -- START OF ARMS SYSTEM PROCESSING -- 
2022-12-29 14:37:16,231 ERROR: CAUGHT EXCEPTION: File specified does not exist in database: /scevo/config/tasklists/data/dbca/sccwq/stations/AIRSMD
cwr.arms.io.IOException: File specified does not exist in database: /scevo/config/tasklists/data/dbca/sccwq/stations/AIRSMD
	at cwr.config.XMLConfig.readConfigContentsFromDB(XMLConfig.java:373)
	at cwr.config.XMLConfig.readConfigFromDB(XMLConfig.java:436)
	at cwr.config.XMLConfig.readFromDb_(XMLConfig.java:204)
	at cwr.config.XMLConfig.readXMLConfig(XMLConfig.java:147)
	at cwr.arms.tasks.TaskList.getAllConfigsFromTaskList(TaskList.java:540)
	at cwr.arms.tasks.TaskList.runTasksList(TaskList.java:155)
	at cwr.arms.tasks.TaskListManager.runTaskListFileUnThreaded(TaskListManager.java:109)
	at cwr.arms.tasks.TaskListManager$1.run(TaskListManager.java:144)
	at java.base/java.util.concurrent.ThreadPoolExecutor.runWorker(ThreadPoolExecutor.java:1128)
	at java.base/java.util.concurrent.ThreadPoolExecutor$Worker.run(ThreadPoolExecutor.java:628)
	at java.base/java.lang.Thread.run(Thread.java:829)
2022-12-29 14:37:29,707 DEBUG:  -- START OF ARMS SYSTEM PROCESSING -- 
2022-12-29 14:37:29,710 ERROR: CAUGHT EXCEPTION: File specified does not exist in database: /scevo/config/tasklists/data/dbca/sccwq/stations/AIRSMD
cwr.arms.io.IOException: File specified does not exist in database: /scevo/config/tasklists/data/dbca/sccwq/stations/AIRSMD
	at cwr.config.XMLConfig.readConfigContentsFromDB(XMLConfig.java:373)
	at cwr.config.XMLConfig.readConfigFromDB(XMLConfig.java:436)
	at cwr.config.XMLConfig.readFromDb_(XMLConfig.java:204)
	at cwr.config.XMLConfig.readXMLConfig(XMLConfig.java:147)
	at cwr.arms.tasks.TaskList.getAllConfigsFromTaskList(TaskList.java:540)
	at cwr.arms.tasks.TaskList.runTasksList(TaskList.java:155)
	at cwr.arms.tasks.TaskListManager.runTaskListFileUnThreaded(TaskListManager.java:109)
	at cwr.arms.tasks.TaskListManager$1.run(TaskListManager.java:144)
	at java.base/java.util.concurrent.ThreadPoolExecutor.runWorker(ThreadPoolExecutor.java:1128)
	at java.base/java.util.concurrent.ThreadPoolExecutor$Worker.run(ThreadPoolExecutor.java:628)
	at java.base/java.lang.Thread.run(Thread.java:829)
2023-11-07 10:21:51,227 DEBUG:  -- START OF ARMS SYSTEM PROCESSING -- 
2023-11-07 10:21:51,245 ERROR: CAUGHT EXCEPTION: File specified does not exist in database: /scevo/config/tasklists/data/dbca/AIRSMD.xml
cwr.arms.io.IOException: File specified does not exist in database: /scevo/config/tasklists/data/dbca/AIRSMD.xml
	at cwr.config.XMLConfig.readConfigContentsFromDB(XMLConfig.java:373)
	at cwr.config.XMLConfig.readConfigFromDB(XMLConfig.java:436)
	at cwr.config.XMLConfig.readFromDb_(XMLConfig.java:204)
	at cwr.config.XMLConfig.readXMLConfig(XMLConfig.java:147)
	at cwr.arms.tasks.TaskList.getAllConfigsFromTaskList(TaskList.java:540)
	at cwr.arms.tasks.TaskList.runTasksList(TaskList.java:155)
	at cwr.arms.tasks.TaskListManager.runTaskListFileUnThreaded(TaskListManager.java:109)
	at cwr.arms.tasks.TaskListManager$1.run(TaskListManager.java:144)
	at java.base/java.util.concurrent.ThreadPoolExecutor.runWorker(ThreadPoolExecutor.java:1128)
	at java.base/java.util.concurrent.ThreadPoolExecutor$Worker.run(ThreadPoolExecutor.java:628)
	at java.base/java.lang.Thread.run(Thread.java:829)
