2021-07-24 13:07:45,135 DEBUG:  -- START OF ARMS SYSTEM PROCESSING -- 
2021-07-24 13:07:45,141 DEBUG: Task list loaded.
2021-07-24 13:07:45,141 DEBUG: Total number of tasks: 6
2021-07-24 13:07:45,141  INFO:  -- START  -- barrack_tide.xml
2021-07-24 13:07:45,141  INFO:  -- Sat Jul 24 13:07:45 AWST 2021
2021-07-24 13:07:45,141  INFO:  -- TASK 1/6 -- /scevo/config/tasks/data/dot/tide/stations/barrack/raw/import.xml 1:07:45 pm
2021-07-24 13:07:45,144 ERROR: CAUGHT EXCEPTION: 
No files to process

Error in Task: 1

Error in Task: 1
Config file: /scevo/config/tasks/data/dot/tide/stations/barrack/raw/import.xml
Method: executeTask

cwr.arms.tasks.TaskException: 
No files to process

Error in Task: 1

Error in Task: 1
Config file: /scevo/config/tasks/data/dot/tide/stations/barrack/raw/import.xml
Method: executeTask

	at cwr.arms.tasks.data.textfile.ImportTask.executeTask(ImportTask.java:98)
	at cwr.arms.tasks.TaskList.runTasksList(TaskList.java:218)
	at cwr.arms.tasks.TaskListManager.runTaskListFileUnThreaded(TaskListManager.java:109)
	at cwr.arms.tasks.TaskListManager$1.run(TaskListManager.java:144)
	at java.base/java.util.concurrent.ThreadPoolExecutor.runWorker(ThreadPoolExecutor.java:1128)
	at java.base/java.util.concurrent.ThreadPoolExecutor$Worker.run(ThreadPoolExecutor.java:628)
	at java.base/java.lang.Thread.run(Thread.java:829)
2021-07-24 13:07:45,144  INFO:  -- END  -- Sat Jul 24 13:07:45 AWST 2021
2021-07-24 13:07:45,144  INFO: Number of errors: 1
2021-07-24 17:15:06,228 DEBUG:  -- START OF ARMS SYSTEM PROCESSING -- 
2021-07-24 17:15:06,343 DEBUG: Task list loaded.
2021-07-24 17:15:06,343 DEBUG: Total number of tasks: 6
2021-07-24 17:15:06,343  INFO:  -- START  -- barrack_tide.xml
2021-07-24 17:15:06,343  INFO:  -- Sat Jul 24 17:15:06 AWST 2021
2021-07-24 17:15:06,344  INFO:  -- TASK 1/6 -- /scevo/config/tasks/data/dot/tide/stations/barrack/raw/import.xml 5:15:06 PM
2021-07-24 17:15:06,354 ERROR: CAUGHT EXCEPTION: 
No files to process

Error in Task: 1

Error in Task: 1
Config file: /scevo/config/tasks/data/dot/tide/stations/barrack/raw/import.xml
Method: executeTask

cwr.arms.tasks.TaskException: 
No files to process

Error in Task: 1

Error in Task: 1
Config file: /scevo/config/tasks/data/dot/tide/stations/barrack/raw/import.xml
Method: executeTask

	at cwr.arms.tasks.data.textfile.ImportTask.executeTask(ImportTask.java:98)
	at cwr.arms.tasks.TaskList.runTasksList(TaskList.java:218)
	at cwr.arms.tasks.TaskListManager.runTaskListFileUnThreaded(TaskListManager.java:109)
	at cwr.arms.tasks.TaskListManager$1.run(TaskListManager.java:144)
	at java.util.concurrent.ThreadPoolExecutor.runWorker(ThreadPoolExecutor.java:1145)
	at java.util.concurrent.ThreadPoolExecutor$Worker.run(ThreadPoolExecutor.java:615)
	at java.lang.Thread.run(Thread.java:745)
2021-07-24 17:15:06,354  INFO:  -- END  -- Sat Jul 24 17:15:06 AWST 2021
2021-07-24 17:15:06,354  INFO: Number of errors: 1
2021-10-15 17:11:02,280 DEBUG:  -- START OF ARMS SYSTEM PROCESSING -- 
2021-10-15 17:11:02,372 DEBUG: Task list loaded.
2021-10-15 17:11:02,373 DEBUG: Total number of tasks: 1
2021-10-15 17:11:02,373  INFO:  -- START  -- barrack_tide.xml
2021-10-15 17:11:02,373  INFO:  -- Fri Oct 15 17:11:02 AWST 2021
2021-10-15 17:11:02,373  INFO:  -- TASK 1/1 -- /scevo/config/tasks/data/dot/tide/stations/barrack/raw/import.xml 5:11:02 PM
2021-10-15 17:11:02,453 ERROR: CAUGHT EXCEPTION: 
No files to process

Error in Task: 1

Error in Task: 1
Config file: /scevo/config/tasks/data/dot/tide/stations/barrack/raw/import.xml
Method: executeTask

cwr.arms.tasks.TaskException: 
No files to process

Error in Task: 1

Error in Task: 1
Config file: /scevo/config/tasks/data/dot/tide/stations/barrack/raw/import.xml
Method: executeTask

	at cwr.arms.tasks.data.textfile.ImportTask.executeTask(ImportTask.java:98)
	at cwr.arms.tasks.TaskList.runTasksList(TaskList.java:218)
	at cwr.arms.tasks.TaskListManager.runTaskListFileUnThreaded(TaskListManager.java:109)
	at cwr.arms.tasks.TaskListManager$1.run(TaskListManager.java:144)
	at java.util.concurrent.ThreadPoolExecutor.runWorker(ThreadPoolExecutor.java:1145)
	at java.util.concurrent.ThreadPoolExecutor$Worker.run(ThreadPoolExecutor.java:615)
	at java.lang.Thread.run(Thread.java:745)
2021-10-15 17:11:02,454  INFO:  -- END  -- Fri Oct 15 17:11:02 AWST 2021
2021-10-15 17:11:02,454  INFO: Number of errors: 1
2021-10-15 17:13:40,217 DEBUG:  -- START OF ARMS SYSTEM PROCESSING -- 
2021-10-15 17:13:40,273 DEBUG: Task list loaded.
2021-10-15 17:13:40,273 DEBUG: Total number of tasks: 1
2021-10-15 17:13:40,273  INFO:  -- START  -- barrack_tide.xml
2021-10-15 17:13:40,273  INFO:  -- Fri Oct 15 17:13:40 AWST 2021
2021-10-15 17:13:40,274  INFO:  -- TASK 1/1 -- /scevo/config/tasks/data/dot/tide/stations/barrack/raw/import.xml 5:13:40 PM
2021-10-15 17:13:40,282  INFO: Importing file BAR_Tide_5min.csv
2021-10-15 17:13:42,688 ERROR: CAUGHT EXCEPTION: Invalid date format of record_datetime
Number of columns 2
Line: 1
File: BAR_Tide_5min.csv
record_datetime,Height_m
cwr.arms.io.IOException: Invalid date format of record_datetime
Number of columns 2
Line: 1
File: BAR_Tide_5min.csv
record_datetime,Height_m
	at cwr.arms.tasks.data.textfile.ImportTask.getDate(ImportTask.java:518)
	at cwr.arms.tasks.data.textfile.ImportTask.executeTask(ImportTask.java:156)
	at cwr.arms.tasks.TaskList.runTasksList(TaskList.java:218)
	at cwr.arms.tasks.TaskListManager.runTaskListFileUnThreaded(TaskListManager.java:109)
	at cwr.arms.tasks.TaskListManager$1.run(TaskListManager.java:144)
	at java.util.concurrent.ThreadPoolExecutor.runWorker(ThreadPoolExecutor.java:1145)
	at java.util.concurrent.ThreadPoolExecutor$Worker.run(ThreadPoolExecutor.java:615)
	at java.lang.Thread.run(Thread.java:745)
2021-10-15 17:13:42,691 ERROR: CAUGHT EXCEPTION: 
Invalid date format of record_datetime
Number of columns 2
Line: 1
File: BAR_Tide_5min.csv
record_datetime,Height_m

Error in Task: 1

Error in Task: 1
Config file: /scevo/config/tasks/data/dot/tide/stations/barrack/raw/import.xml
Method: executeTask

cwr.arms.tasks.TaskException: 
Invalid date format of record_datetime
Number of columns 2
Line: 1
File: BAR_Tide_5min.csv
record_datetime,Height_m

Error in Task: 1

Error in Task: 1
Config file: /scevo/config/tasks/data/dot/tide/stations/barrack/raw/import.xml
Method: executeTask

	at cwr.arms.tasks.data.textfile.ImportTask.executeTask(ImportTask.java:230)
	at cwr.arms.tasks.TaskList.runTasksList(TaskList.java:218)
	at cwr.arms.tasks.TaskListManager.runTaskListFileUnThreaded(TaskListManager.java:109)
	at cwr.arms.tasks.TaskListManager$1.run(TaskListManager.java:144)
	at java.util.concurrent.ThreadPoolExecutor.runWorker(ThreadPoolExecutor.java:1145)
	at java.util.concurrent.ThreadPoolExecutor$Worker.run(ThreadPoolExecutor.java:615)
	at java.lang.Thread.run(Thread.java:745)
2021-10-15 17:13:42,691  INFO:  -- END  -- Fri Oct 15 17:13:42 AWST 2021
2021-10-15 17:13:42,692  INFO: Number of errors: 1
2021-10-15 17:15:21,147 DEBUG:  -- START OF ARMS SYSTEM PROCESSING -- 
2021-10-15 17:15:21,162 DEBUG: Task list loaded.
2021-10-15 17:15:21,162 DEBUG: Total number of tasks: 1
2021-10-15 17:15:21,162  INFO:  -- START  -- barrack_tide.xml
2021-10-15 17:15:21,162  INFO:  -- Fri Oct 15 17:15:21 AWST 2021
2021-10-15 17:15:21,162  INFO:  -- TASK 1/1 -- /scevo/config/tasks/data/dot/tide/stations/barrack/raw/import.xml 5:15:21 PM
2021-10-15 17:15:21,167  INFO: Importing file BAR_Tide_5min.csv
2021-10-16 05:42:29,278  INFO:  -- END  -- Sat Oct 16 05:42:29 AWST 2021
