2022-11-11 14:00:20,024 DEBUG:  -- START OF ARMS SYSTEM PROCESSING -- 
2022-11-11 14:00:20,025 DEBUG: Task list loaded.
2022-11-11 14:00:20,026 DEBUG: Total number of tasks: 1
2022-11-11 14:00:20,026  INFO:  -- START  -- BWMDBPI.xml
2022-11-11 14:00:20,026  INFO:  -- Fri Nov 11 14:00:20 AWST 2022
2022-11-11 14:00:20,026  INFO:  -- TASK 1/1 -- /scevo/config/tasks/data/dbca/sccwq/stations/BWMDBPI/raw/import.xml 2:00:20 pm
2022-11-11 14:00:20,108 ERROR: CAUGHT EXCEPTION: 
File specified does not exist in database: /scevo/config/resources/data/dbca/sccwq/BWMDBPI/sensors.xml

Error in Task: 1

Error in Task: 1
Config file: /scevo/config/tasks/data/dbca/sccwq/stations/BWMDBPI/raw/import.xml
Method: getDestinationResources

cwr.arms.tasks.TaskException: 
File specified does not exist in database: /scevo/config/resources/data/dbca/sccwq/BWMDBPI/sensors.xml

Error in Task: 1

Error in Task: 1
Config file: /scevo/config/tasks/data/dbca/sccwq/stations/BWMDBPI/raw/import.xml
Method: getDestinationResources

	at cwr.arms.tasks.data.FileImporterTask.getDestinationResources(FileImporterTask.java:585)
	at cwr.arms.tasks.data.textfile.ImportTask.executeTask(ImportTask.java:105)
	at cwr.arms.tasks.TaskList.runTasksList(TaskList.java:218)
	at cwr.arms.tasks.TaskListManager.runTaskListFileUnThreaded(TaskListManager.java:109)
	at cwr.arms.tasks.TaskListManager$1.run(TaskListManager.java:144)
	at java.base/java.util.concurrent.ThreadPoolExecutor.runWorker(ThreadPoolExecutor.java:1128)
	at java.base/java.util.concurrent.ThreadPoolExecutor$Worker.run(ThreadPoolExecutor.java:628)
	at java.base/java.lang.Thread.run(Thread.java:829)
2022-11-11 14:00:20,108  INFO:  -- END  -- Fri Nov 11 14:00:20 AWST 2022
2022-11-11 14:00:20,108  INFO: Number of errors: 1
2022-11-11 14:08:10,072 DEBUG:  -- START OF ARMS SYSTEM PROCESSING -- 
2022-11-11 14:08:10,076 DEBUG: Task list loaded.
2022-11-11 14:08:10,076 DEBUG: Total number of tasks: 1
2022-11-11 14:08:10,076  INFO:  -- START  -- BWMDBPI.xml
2022-11-11 14:08:10,076  INFO:  -- Fri Nov 11 14:08:10 AWST 2022
2022-11-11 14:08:10,076  INFO:  -- TASK 1/1 -- /scevo/config/tasks/data/dbca/sccwq/stations/BWMDBPI/raw/import.xml 2:08:10 pm
2022-11-11 14:08:10,169  INFO: Importing file dbca_BWMDBPI_2022-09-07_1802.csv
