2023-01-16 08:38:32,624 DEBUG:  -- START OF ARMS SYSTEM PROCESSING -- 
2023-01-16 08:38:32,646 DEBUG: Task list loaded.
2023-01-16 08:38:32,646 DEBUG: Total number of tasks: 1
2023-01-16 08:38:32,646  INFO:  -- START  -- BAC_s.xml
2023-01-16 08:38:32,646  INFO:  -- Mon Jan 16 08:38:32 AWST 2023
2023-01-16 08:38:32,646  INFO:  -- TASK 1/1 -- /scevo/config/tasks/data/dbca/scesb/stations/BAC_s/raw/import.xml 8:38:32 am
2023-01-16 08:38:32,753  INFO: Importing file dbca_BAC_s_2022-09-07_1802_25.csv
2023-01-16 08:41:44,001  INFO: Importing file dbca_BAC_s_2022-10-13_0809_26.csv
2023-01-16 08:41:46,686  INFO: Importing file dbca_BAC_s_2023-01-03_1328_27.csv
2023-01-16 08:41:50,504  INFO:  -- END  -- Mon Jan 16 08:41:50 AWST 2023
2023-01-16 08:52:29,897 DEBUG:  -- START OF ARMS SYSTEM PROCESSING -- 
2023-01-16 08:52:29,916 DEBUG: Task list loaded.
2023-01-16 08:52:29,917 DEBUG: Total number of tasks: 1
2023-01-16 08:52:29,917  INFO:  -- START  -- BAC_s.xml
2023-01-16 08:52:29,917  INFO:  -- Mon Jan 16 08:52:29 AWST 2023
2023-01-16 08:52:29,918  INFO:  -- TASK 1/1 -- /scevo/config/tasks/data/dbca/scesb/stations/BAC_s/raw/import.xml 8:52:29 am
2023-01-16 08:52:30,024 ERROR: CAUGHT EXCEPTION: 
No files to process

Error in Task: 1

Error in Task: 1
Config file: /scevo/config/tasks/data/dbca/scesb/stations/BAC_s/raw/import.xml
Method: executeTask

cwr.arms.tasks.TaskException: 
No files to process

Error in Task: 1

Error in Task: 1
Config file: /scevo/config/tasks/data/dbca/scesb/stations/BAC_s/raw/import.xml
Method: executeTask

	at cwr.arms.tasks.data.textfile.ImportTask.executeTask(ImportTask.java:98)
	at cwr.arms.tasks.TaskList.runTasksList(TaskList.java:218)
	at cwr.arms.tasks.TaskListManager.runTaskListFileUnThreaded(TaskListManager.java:109)
	at cwr.arms.tasks.TaskListManager$1.run(TaskListManager.java:144)
	at java.base/java.util.concurrent.ThreadPoolExecutor.runWorker(ThreadPoolExecutor.java:1128)
	at java.base/java.util.concurrent.ThreadPoolExecutor$Worker.run(ThreadPoolExecutor.java:628)
	at java.base/java.lang.Thread.run(Thread.java:829)
2023-01-16 08:52:30,025  INFO:  -- END  -- Mon Jan 16 08:52:30 AWST 2023
2023-01-16 08:52:30,025  INFO: Number of errors: 1
2023-01-18 13:21:11,127 DEBUG:  -- START OF ARMS SYSTEM PROCESSING -- 
2023-01-18 13:21:11,139 DEBUG: Task list loaded.
2023-01-18 13:21:11,139 DEBUG: Total number of tasks: 1
2023-01-18 13:21:11,139  INFO:  -- START  -- BAC_s.xml
2023-01-18 13:21:11,139  INFO:  -- Wed Jan 18 13:21:11 AWST 2023
2023-01-18 13:21:11,139  INFO:  -- TASK 1/1 -- /scevo/config/tasks/data/dbca/scesb/stations/BAC_s/raw/import.xml 1:21:11 pm
2023-01-18 13:21:11,350  INFO: Importing file dbca_BAC_s_2022-09-07_1802_28.csv
2023-01-18 13:25:32,250  INFO: Importing file dbca_BAC_s_2022-10-13_0809_29.csv
2023-01-18 13:25:35,794  INFO: Importing file dbca_BAC_s_2023-01-03_1328_30.csv
2023-01-18 13:25:38,972  INFO:  -- END  -- Wed Jan 18 13:25:38 AWST 2023
