2022-10-24 09:37:31,714 DEBUG:  -- START OF ARMS SYSTEM PROCESSING -- 
2022-10-24 09:37:31,719 DEBUG: Task list loaded.
2022-10-24 09:37:31,719 DEBUG: Total number of tasks: 14
2022-10-24 09:37:31,719  INFO:  -- START  -- bunbury.xml
2022-10-24 09:37:31,719  INFO:  -- Mon Oct 24 09:37:31 AWST 2022
2022-10-24 09:37:31,719  INFO:  -- TASK 1/14 -- /scevo/config/tasks/data/bom/idy/stations/bunbury/raw/import.xml 9:37:31 am
2022-10-24 09:37:38,501 ERROR: CAUGHT EXCEPTION: 
No files to process

Error in Task: 1

Error in Task: 1
Config file: /scevo/config/tasks/data/bom/idy/stations/bunbury/raw/import.xml
Method: executeTask

cwr.arms.tasks.TaskException: 
No files to process

Error in Task: 1

Error in Task: 1
Config file: /scevo/config/tasks/data/bom/idy/stations/bunbury/raw/import.xml
Method: executeTask

	at cwr.arms.tasks.data.textfile.ImportTask.executeTask(ImportTask.java:98)
	at cwr.arms.tasks.TaskList.runTasksList(TaskList.java:218)
	at cwr.arms.tasks.TaskListManager.runTaskListFileUnThreaded(TaskListManager.java:109)
	at cwr.arms.tasks.TaskListManager$1.run(TaskListManager.java:144)
	at java.base/java.util.concurrent.ThreadPoolExecutor.runWorker(ThreadPoolExecutor.java:1128)
	at java.base/java.util.concurrent.ThreadPoolExecutor$Worker.run(ThreadPoolExecutor.java:628)
	at java.base/java.lang.Thread.run(Thread.java:829)
2022-10-24 09:37:38,501  INFO:  -- TASK 2/14 -- /scevo/config/tasks/data/bom/idy/stations/bunbury/timeline/start_dataprocessing.xml 9:37:38 am
2022-10-24 09:37:38,506  INFO:  -- TASK 3/14 -- /scevo/config/tasks/data/bom/idy/stations/bunbury/timeline/end_dataprocessing.xml 9:37:38 am
2022-10-24 09:37:38,506  INFO:  -- TASK 4/14 -- /scevo/config/tasks/data/bom/idy/stations/bunbury/raw/qc.xml 9:37:38 am
2022-10-24 09:37:38,548  INFO: Sensor: .wind_speed 2022-03-14 11:30:00-2022-05-13 11:30:00 (0.041s : 0.041s)
2022-10-24 09:37:38,552  INFO: Sensor: .wind_speed 2022-05-13 11:30:01-2022-07-12 11:30:01 (0.003s : 0.045s)
2022-10-24 09:37:38,572  INFO: Sensor: .wind_speed 2022-07-12 11:30:02-2022-09-10 11:30:02 (0.02s : 0.065s)
2022-10-24 09:37:38,573  INFO: Sensor: .wind_speed 2022-09-10 11:30:03-2022-10-24 00:30:00 (0.001s : 0.066s)
2022-10-24 09:37:38,577  INFO: Sensor: .atmpress 2022-03-14 11:30:00-2022-05-13 11:30:00 (0.004s : 0.07s)
2022-10-24 09:37:38,579  INFO: Sensor: .atmpress 2022-05-13 11:30:01-2022-07-12 11:30:01 (0.002s : 0.072s)
2022-10-24 09:37:38,581  INFO: Sensor: .dew_point 2022-03-14 11:30:00-2022-05-13 11:30:00 (0.074s : 0.074s)
2022-10-24 09:37:38,582  INFO: Sensor: .atmpress 2022-07-12 11:30:02-2022-09-10 11:30:02 (0.003s : 0.075s)
2022-10-24 09:37:38,583  INFO: Sensor: .atmpress 2022-09-10 11:30:03-2022-10-24 00:30:00 (0.001s : 0.076s)
2022-10-24 09:37:38,585  INFO: Sensor: .dew_point 2022-05-13 11:30:01-2022-07-12 11:30:01 (0.003s : 0.078s)
2022-10-24 09:37:38,585  INFO: Sensor: .wind_direction 2022-03-14 11:30:00-2022-05-13 11:30:00 (0.078s : 0.078s)
2022-10-24 09:37:38,590  INFO: Sensor: .air_temperature 2022-03-14 11:30:00-2022-05-13 11:30:00 (0.083s : 0.083s)
2022-10-24 09:37:38,590  INFO: Sensor: .wind_direction 2022-05-13 11:30:01-2022-07-12 11:30:01 (0.005s : 0.083s)
2022-10-24 09:37:38,593  INFO: Sensor: .wind_direction 2022-07-12 11:30:02-2022-09-10 11:30:02 (0.003s : 0.086s)
2022-10-24 09:37:38,594  INFO: Sensor: .air_temperature 2022-05-13 11:30:01-2022-07-12 11:30:01 (0.004s : 0.087s)
2022-10-24 09:37:38,594  INFO: Sensor: .wind_direction 2022-09-10 11:30:03-2022-10-24 00:30:00 (0.001s : 0.087s)
2022-10-24 09:37:38,596  INFO: Sensor: .rainfall 2022-03-14 11:30:00-2022-05-13 11:30:00 (0.002s : 0.089s)
2022-10-24 09:37:38,597  INFO: Sensor: .rainfall 2022-05-13 11:30:01-2022-07-12 11:30:01 (0.0s : 0.089s)
2022-10-24 09:37:38,597  INFO: Sensor: .rainfall 2022-07-12 11:30:02-2022-09-10 11:30:02 (0.0s : 0.09s)
2022-10-24 09:37:38,598  INFO: Sensor: .rainfall 2022-09-10 11:30:03-2022-10-24 00:30:00 (0.001s : 0.091s)
2022-10-24 09:37:38,598  INFO: Sensor: .rainfall_9am 2022-03-14 11:30:00-2022-05-13 11:30:00 (0.015s : 0.091s)
2022-10-24 09:37:38,599  INFO: Sensor: .air_temperature 2022-07-12 11:30:02-2022-09-10 11:30:02 (0.005s : 0.092s)
2022-10-24 09:37:38,601  INFO: Sensor: .air_temperature 2022-09-10 11:30:03-2022-10-24 00:30:00 (0.002s : 0.094s)
2022-10-24 09:37:38,601  INFO: Sensor: .rainfall_9am 2022-05-13 11:30:01-2022-07-12 11:30:01 (0.002s : 0.094s)
2022-10-24 09:37:38,604  INFO: Sensor: .rainfall_9am 2022-07-12 11:30:02-2022-09-10 11:30:02 (0.003s : 0.097s)
2022-10-24 09:37:38,606  INFO: Sensor: .dew_point 2022-07-12 11:30:02-2022-09-10 11:30:02 (0.021s : 0.099s)
2022-10-24 09:37:38,614  INFO: Sensor: .rainfall_9am 2022-09-10 11:30:03-2022-10-24 00:30:00 (0.009s : 0.106s)
2022-10-24 09:37:38,622  INFO: Sensor: .dew_point 2022-09-10 11:30:03-2022-10-24 00:30:00 (0.016s : 0.115s)
2022-10-24 09:37:38,622  INFO:  -- TASK 5/14 -- /scevo/config/tasks/data/bom/idy/stations/bunbury/raw/create_rainfall.xml 9:37:38 am
2022-10-24 09:38:08,768  INFO: Sensor:  2022-03-14 11:30:00-2022-05-13 11:30:00 (30.145s : 30.146s)
2022-10-24 09:38:32,684  INFO: Sensor:  2022-05-13 11:30:01-2022-07-12 11:30:01 (23.916s : 54.062s)
2022-10-24 09:38:58,834  INFO: Sensor:  2022-07-12 11:30:02-2022-09-10 11:30:02 (26.15s : 80.212s)
2022-10-24 09:39:06,011  INFO: Sensor:  2022-09-10 11:30:03-2022-10-24 00:30:00 (7.177s : 87.389s)
2022-10-24 09:39:06,011  INFO:  -- TASK 6/14 -- /scevo/config/tasks/data/bom/idy/stations/bunbury/downsampled/downsample_30.xml 9:39:06 am
2022-10-24 09:40:07,373  INFO: Sensor: .wind_speed 2022-03-14 11:30:00-2022-05-13 11:30:00 (61.361s : 61.361s)
2022-10-24 09:40:07,390  INFO: Sensor: .dew_point 2022-03-14 11:30:00-2022-05-13 11:30:00 (61.378s : 61.378s)
2022-10-24 09:40:07,473  INFO: Sensor: .air_temperature 2022-03-14 11:30:00-2022-05-13 11:30:00 (61.461s : 61.461s)
2022-10-24 09:40:07,490  INFO: Sensor: .wind_direction 2022-03-14 11:30:00-2022-05-13 11:30:00 (61.478s : 61.478s)
2022-10-24 09:41:02,567  INFO: Sensor: .wind_speed 2022-05-13 11:30:01-2022-07-12 11:30:01 (55.194s : 116.555s)
2022-10-24 09:41:02,583  INFO: Sensor: .dew_point 2022-05-13 11:30:01-2022-07-12 11:30:01 (55.193s : 116.571s)
2022-10-24 09:41:02,658  INFO: Sensor: .air_temperature 2022-05-13 11:30:01-2022-07-12 11:30:01 (55.185s : 116.646s)
2022-10-24 09:41:02,700  INFO: Sensor: .wind_direction 2022-05-13 11:30:01-2022-07-12 11:30:01 (55.21s : 116.688s)
2022-10-24 09:41:57,159  INFO: Sensor: .wind_speed 2022-07-12 11:30:02-2022-09-10 11:30:02 (54.592s : 171.147s)
2022-10-24 09:41:57,176  INFO: Sensor: .dew_point 2022-07-12 11:30:02-2022-09-10 11:30:02 (54.593s : 171.164s)
2022-10-24 09:41:57,251  INFO: Sensor: .air_temperature 2022-07-12 11:30:02-2022-09-10 11:30:02 (54.592s : 171.239s)
2022-10-24 09:41:57,309  INFO: Sensor: .wind_direction 2022-07-12 11:30:02-2022-09-10 11:30:02 (54.609s : 171.297s)
2022-10-24 09:42:37,695  INFO: Sensor: .wind_speed 2022-09-10 11:30:03-2022-10-24 00:30:00 (40.536s : 211.683s)
2022-10-24 09:42:37,720  INFO: Sensor: .dew_point 2022-09-10 11:30:03-2022-10-24 00:30:00 (40.544s : 211.708s)
2022-10-24 09:42:37,945  INFO: Sensor: .air_temperature 2022-09-10 11:30:03-2022-10-24 00:30:00 (40.694s : 211.933s)
2022-10-24 09:42:38,179  INFO: Sensor: .wind_direction 2022-09-10 11:30:03-2022-10-24 00:30:00 (40.87s : 212.167s)
2022-10-24 09:43:37,558  INFO: Sensor: .rainfall_9am 2022-03-14 11:30:00-2022-05-13 11:30:00 (59.838s : 271.546s)
2022-10-24 09:43:37,567  INFO: Sensor: .rainfall 2022-03-14 11:30:00-2022-05-13 11:30:00 (59.621s : 271.554s)
2022-10-24 09:43:37,575  INFO: Sensor: .atmpress 2022-03-14 11:30:00-2022-05-13 11:30:00 (59.88s : 271.563s)
2022-10-24 09:44:32,912  INFO: Sensor: .rainfall 2022-05-13 11:30:01-2022-07-12 11:30:01 (55.345s : 326.9s)
2022-10-24 09:44:32,954  INFO: Sensor: .rainfall_9am 2022-05-13 11:30:01-2022-07-12 11:30:01 (55.395s : 326.942s)
2022-10-24 09:44:32,979  INFO: Sensor: .atmpress 2022-05-13 11:30:01-2022-07-12 11:30:01 (55.404s : 326.967s)
2022-10-24 09:45:27,495  INFO: Sensor: .rainfall 2022-07-12 11:30:02-2022-09-10 11:30:02 (54.583s : 381.483s)
2022-10-24 09:45:27,520  INFO: Sensor: .atmpress 2022-07-12 11:30:02-2022-09-10 11:30:02 (54.541s : 381.508s)
2022-10-24 09:45:27,561  INFO: Sensor: .rainfall_9am 2022-07-12 11:30:02-2022-09-10 11:30:02 (54.607s : 381.549s)
2022-10-24 09:46:06,936  INFO: Sensor: .rainfall 2022-09-10 11:30:03-2022-10-24 00:30:00 (39.441s : 420.924s)
2022-10-24 09:46:07,019  INFO: Sensor: .atmpress 2022-09-10 11:30:03-2022-10-24 00:30:00 (39.499s : 421.007s)
2022-10-24 09:46:07,027  INFO: Sensor: .rainfall_9am 2022-09-10 11:30:03-2022-10-24 00:30:00 (39.465s : 421.015s)
2022-10-24 09:46:07,028  INFO:  -- TASK 7/14 -- /scevo/config/tasks/data/bom/idy/stations/bunbury/downsampled/downsample_360.xml 9:46:07 am
2022-10-24 09:46:26,610  INFO: Sensor: .air_temperature 2022-03-14 11:30:00-2022-10-24 00:30:00 (19.581s : 19.581s)
2022-10-24 09:46:26,643  INFO: Sensor: .wind_direction 2022-03-14 11:30:00-2022-10-24 00:30:00 (19.614s : 19.614s)
2022-10-24 09:46:26,660  INFO: Sensor: .dew_point 2022-03-14 11:30:00-2022-10-24 00:30:00 (19.631s : 19.631s)
2022-10-24 09:46:26,752  INFO: Sensor: .wind_speed 2022-03-14 11:30:00-2022-10-24 00:30:00 (19.723s : 19.723s)
2022-10-24 09:46:44,445  INFO: Sensor: .atmpress 2022-03-14 11:30:00-2022-10-24 00:30:00 (17.835s : 37.416s)
2022-10-24 09:46:44,453  INFO: Sensor: .rainfall_9am 2022-03-14 11:30:00-2022-10-24 00:30:00 (17.81s : 37.424s)
2022-10-24 09:46:44,478  INFO: Sensor: .rainfall 2022-03-14 11:30:00-2022-10-24 00:30:00 (17.818s : 37.449s)
2022-10-24 09:46:44,478  INFO:  -- TASK 8/14 -- /scevo/config/tasks/data/bom/idy/stations/bunbury/downsampled/downsample_30.xml 9:46:44 am
2022-10-24 09:47:18,089  INFO: Sensor: .windvector 2022-03-14 11:30:00-2022-05-13 11:30:00 (33.61s : 33.61s)
2022-10-24 09:47:45,508  INFO: Sensor: .windvector 2022-05-13 11:30:01-2022-07-12 11:30:01 (27.418s : 61.028s)
2022-10-24 09:48:14,234  INFO: Sensor: .windvector 2022-07-12 11:30:02-2022-09-10 11:30:02 (28.726s : 89.755s)
2022-10-24 09:48:34,497  INFO: Sensor: .windvector 2022-09-10 11:30:03-2022-10-24 00:30:00 (20.263s : 110.018s)
2022-10-24 09:48:34,497  INFO:  -- TASK 9/14 -- /scevo/config/tasks/data/bom/idy/stations/bunbury/downsampled/downsample_360.xml 9:48:34 am
2022-10-24 09:48:43,676  INFO: Sensor: .windvector 2022-03-14 11:30:00-2022-10-24 00:30:00 (9.178s : 9.178s)
2022-10-24 09:48:43,676  INFO:  -- TASK 10/14 -- /scevo/config/tasks/data/bom/idy/stations/bunbury/downsampled/create_rainfall_360.xml 9:48:43 am
2022-10-24 09:48:52,687  INFO: Sensor:  2022-03-14 11:30:00-2022-10-24 00:30:00 (9.011s : 9.011s)
2022-10-24 09:48:52,687  INFO:  -- TASK 11/14 -- /scevo/config/tasks/data/bom/idy/stations/bunbury/filled/fill_30.xml 9:48:52 am
2022-10-24 09:48:52,762  INFO: Sensor: .air_temperature 2022-03-14 11:30:00-2022-05-13 11:30:00 (0.019s : 0.074s)
2022-10-24 09:48:52,768  INFO: Sensor: .wind_direction 2022-03-14 11:30:00-2022-05-13 11:30:00 (0.018s : 0.08s)
2022-10-24 09:48:52,771  INFO: Sensor: .wind_speed 2022-03-14 11:30:00-2022-05-13 11:30:00 (0.016s : 0.083s)
2022-10-24 09:48:52,774  INFO: Sensor: .dew_point 2022-03-14 11:30:00-2022-05-13 11:30:00 (0.016s : 0.086s)
2022-10-24 09:49:01,919  INFO: Sensor: .air_temperature 2022-05-13 11:30:01-2022-07-12 11:30:01 (9.157s : 9.231s)
2022-10-24 09:49:01,935  INFO: Sensor: .dew_point 2022-05-13 11:30:01-2022-07-12 11:30:01 (9.161s : 9.247s)
2022-10-24 09:49:01,944  INFO: Sensor: .wind_speed 2022-05-13 11:30:01-2022-07-12 11:30:01 (9.172s : 9.255s)
2022-10-24 09:49:01,952  INFO: Sensor: .wind_direction 2022-05-13 11:30:01-2022-07-12 11:30:01 (9.184s : 9.264s)
2022-10-24 09:49:08,821  INFO: Sensor: .air_temperature 2022-07-12 11:30:02-2022-09-10 11:30:02 (6.902s : 16.133s)
2022-10-24 09:49:08,838  INFO: Sensor: .wind_speed 2022-07-12 11:30:02-2022-09-10 11:30:02 (6.894s : 16.15s)
2022-10-24 09:49:08,847  INFO: Sensor: .dew_point 2022-07-12 11:30:02-2022-09-10 11:30:02 (6.912s : 16.159s)
2022-10-24 09:49:08,855  INFO: Sensor: .wind_direction 2022-07-12 11:30:02-2022-09-10 11:30:02 (6.903s : 16.167s)
2022-10-24 09:49:34,877  INFO: Sensor: .dew_point 2022-09-10 11:30:03-2022-10-24 00:30:00 (26.03s : 42.189s)
2022-10-24 09:49:34,885  INFO: Sensor: .wind_speed 2022-09-10 11:30:03-2022-10-24 00:30:00 (26.047s : 42.197s)
2022-10-24 09:49:34,961  INFO: Sensor: .wind_direction 2022-09-10 11:30:03-2022-10-24 00:30:00 (26.106s : 42.273s)
2022-10-24 09:49:34,961  INFO: Sensor: .air_temperature 2022-09-10 11:30:03-2022-10-24 00:30:00 (26.139s : 42.273s)
2022-10-24 09:49:34,984  INFO: Sensor: .atmpress 2022-03-14 11:30:00-2022-05-13 11:30:00 (0.02s : 42.296s)
2022-10-24 09:49:35,721  INFO: Sensor: .rainfall_9am 2022-03-14 11:30:00-2022-05-13 11:30:00 (0.749s : 43.033s)
2022-10-24 09:49:35,779  INFO: Sensor: .rainfall 2022-03-14 11:30:00-2022-05-13 11:30:00 (0.764s : 43.091s)
2022-10-24 09:49:43,174  INFO: Sensor: .atmpress 2022-05-13 11:30:01-2022-07-12 11:30:01 (8.19s : 50.486s)
2022-10-24 09:49:43,783  INFO: Sensor: .rainfall_9am 2022-05-13 11:30:01-2022-07-12 11:30:01 (8.062s : 51.095s)
2022-10-24 09:49:43,808  INFO: Sensor: .rainfall 2022-05-13 11:30:01-2022-07-12 11:30:01 (8.029s : 51.12s)
2022-10-24 09:49:49,277  INFO: Sensor: .atmpress 2022-07-12 11:30:02-2022-09-10 11:30:02 (6.103s : 56.589s)
2022-10-24 09:49:50,277  INFO: Sensor: .rainfall_9am 2022-07-12 11:30:02-2022-09-10 11:30:02 (6.494s : 57.589s)
2022-10-24 09:49:50,302  INFO: Sensor: .rainfall 2022-07-12 11:30:02-2022-09-10 11:30:02 (6.494s : 57.614s)
2022-10-24 09:50:13,261  INFO: Sensor: .atmpress 2022-09-10 11:30:03-2022-10-24 00:30:00 (23.984s : 80.573s)
2022-10-24 09:50:15,121  INFO: Sensor: .rainfall_9am 2022-09-10 11:30:03-2022-10-24 00:30:00 (24.844s : 82.433s)
2022-10-24 09:50:15,138  INFO: Sensor: .rainfall 2022-09-10 11:30:03-2022-10-24 00:30:00 (24.836s : 82.45s)
2022-10-24 09:50:15,138  INFO:  -- TASK 12/14 -- /scevo/config/tasks/data/bom/idy/stations/bunbury/filled/fill_360.xml 9:50:15 am
2022-10-24 09:50:17,786  INFO: Sensor: .wind_speed 2022-03-14 11:30:00-2022-10-24 00:30:00 (2.645s : 2.647s)
2022-10-24 09:50:17,794  INFO: Sensor: .wind_direction 2022-03-14 11:30:00-2022-10-24 00:30:00 (2.652s : 2.655s)
2022-10-24 09:50:17,802  INFO: Sensor: .air_temperature 2022-03-14 11:30:00-2022-10-24 00:30:00 (2.66s : 2.663s)
2022-10-24 09:50:17,802  INFO: Sensor: .dew_point 2022-03-14 11:30:00-2022-10-24 00:30:00 (2.661s : 2.663s)
2022-10-24 09:50:17,812  INFO: Sensor: .rainfall 2022-03-14 11:30:00-2022-10-24 00:30:00 (0.007s : 2.673s)
2022-10-24 09:50:20,487  INFO: Sensor: .atmpress 2022-03-14 11:30:00-2022-10-24 00:30:00 (2.7s : 5.348s)
2022-10-24 09:50:20,537  INFO: Sensor: .rainfall_9am 2022-03-14 11:30:00-2022-10-24 00:30:00 (2.742s : 5.398s)
2022-10-24 09:50:20,537  INFO:  -- TASK 13/14 -- /scevo/config/tasks/data/bom/idy/stations/bunbury/filled/fill_30.xml 9:50:20 am
2022-10-24 09:50:53,907  INFO: Sensor: .windvector 2022-03-14 11:30:00-2022-05-13 11:30:00 (33.295s : 33.369s)
2022-10-24 09:51:27,120  INFO: Sensor: .windvector 2022-05-13 11:30:01-2022-07-12 11:30:01 (33.213s : 66.582s)
2022-10-24 09:52:00,374  INFO: Sensor: .windvector 2022-07-12 11:30:02-2022-09-10 11:30:02 (33.254s : 99.836s)
2022-10-24 09:52:23,280  INFO: Sensor: .windvector 2022-09-10 11:30:03-2022-10-24 00:30:00 (22.906s : 122.742s)
2022-10-24 09:52:23,280  INFO:  -- TASK 14/14 -- /scevo/config/tasks/data/bom/idy/stations/bunbury/filled/fill_360.xml 9:52:23 am
2022-10-24 09:52:35,343  INFO: Sensor: .windvector 2022-03-14 11:30:00-2022-10-24 00:30:00 (12.06s : 12.062s)
2022-10-24 09:52:35,343  INFO:  -- END  -- Mon Oct 24 09:52:35 AWST 2022
2022-10-24 09:52:35,343  INFO: Number of errors: 1
