2021-12-21 17:26:23,080 DEBUG:  -- START OF ARMS SYSTEM PROCESSING -- 
2021-12-21 17:26:23,082 ERROR: CAUGHT EXCEPTION: 
File specified does not exist in database: /scevo/config/tasks/data/uwa/aed/kwilena/raw/import_ben.xml
Method: setTaskConfig

cwr.arms.tasks.TaskException: 
File specified does not exist in database: /scevo/config/tasks/data/uwa/aed/kwilena/raw/import_ben.xml
Method: setTaskConfig

	at cwr.arms.tasks.TaskFactory.setTaskConfig(TaskFactory.java:43)
	at cwr.arms.tasks.data.textfile.ImportTaskFactory.getInstance(ImportTaskFactory.java:38)
	at cwr.arms.tasks.TaskList.addTask_(TaskList.java:278)
	at cwr.arms.tasks.TaskList.runTasksList(TaskList.java:169)
	at cwr.arms.tasks.TaskListManager.runTaskListFileUnThreaded(TaskListManager.java:109)
	at cwr.arms.tasks.TaskListManager$1.run(TaskListManager.java:144)
	at java.base/java.util.concurrent.ThreadPoolExecutor.runWorker(ThreadPoolExecutor.java:1128)
	at java.base/java.util.concurrent.ThreadPoolExecutor$Worker.run(ThreadPoolExecutor.java:628)
	at java.base/java.lang.Thread.run(Thread.java:829)
2021-12-21 17:26:54,768 DEBUG:  -- START OF ARMS SYSTEM PROCESSING -- 
2021-12-21 17:26:54,769 DEBUG: Task list loaded.
2021-12-21 17:26:54,769 DEBUG: Total number of tasks: 1
2021-12-21 17:26:54,769  INFO:  -- START  -- kwilena_ben.xml
2021-12-21 17:26:54,769  INFO:  -- Tue Dec 21 17:26:54 AWST 2021
2021-12-21 17:26:54,769  INFO:  -- TASK 1/1 -- /scevo/config/tasks/data/uwa/aed/kwilena/raw/import_ben.xml 5:26:54 pm
2021-12-21 17:26:54,771  INFO: Importing file Kwilena_Water_Quality_5min_3.csv
2021-12-21 18:16:47,729  INFO:  -- END  -- Tue Dec 21 18:16:47 AWST 2021
2023-11-17 11:23:26,502 DEBUG:  -- START OF ARMS SYSTEM PROCESSING -- 
2023-11-17 11:23:26,524 DEBUG: Task list loaded.
2023-11-17 11:23:26,524 DEBUG: Total number of tasks: 1
2023-11-17 11:23:26,524  INFO:  -- START  -- kwilena_ben.xml
2023-11-17 11:23:26,524  INFO:  -- Fri Nov 17 11:23:26 AWST 2023
2023-11-17 11:23:26,524  INFO:  -- TASK 1/1 -- /scevo/config/tasks/data/uwa/aed/kwilena/raw/import_ben.xml 11:23:26 am
2023-11-17 11:23:26,844 ERROR: CAUGHT EXCEPTION: 
ARMS Address supplied could not be found. Failed to find chlorophyll_rfu in scevo.data.uwa.aed.kwilena.raw.benthic.chlorophyll_rfu

Error in Task: 1

Error in Task: 1
Config file: /scevo/config/tasks/data/uwa/aed/kwilena/raw/import_ben.xml
Method: executeTask

cwr.arms.tasks.TaskException: 
ARMS Address supplied could not be found. Failed to find chlorophyll_rfu in scevo.data.uwa.aed.kwilena.raw.benthic.chlorophyll_rfu

Error in Task: 1

Error in Task: 1
Config file: /scevo/config/tasks/data/uwa/aed/kwilena/raw/import_ben.xml
Method: executeTask

	at cwr.arms.tasks.data.textfile.ImportTask.executeTask(ImportTask.java:223)
	at cwr.arms.tasks.TaskList.runTasksList(TaskList.java:218)
	at cwr.arms.tasks.TaskListManager.runTaskListFileUnThreaded(TaskListManager.java:109)
	at cwr.arms.tasks.TaskListManager$1.run(TaskListManager.java:144)
	at java.base/java.util.concurrent.ThreadPoolExecutor.runWorker(ThreadPoolExecutor.java:1128)
	at java.base/java.util.concurrent.ThreadPoolExecutor$Worker.run(ThreadPoolExecutor.java:628)
	at java.base/java.lang.Thread.run(Thread.java:829)
2023-11-17 11:23:26,844  INFO:  -- END  -- Fri Nov 17 11:23:26 AWST 2023
2023-11-17 11:23:26,844  INFO: Number of errors: 1
2023-11-17 11:49:08,812 DEBUG:  -- START OF ARMS SYSTEM PROCESSING -- 
2023-11-17 11:49:08,814 DEBUG: Task list loaded.
2023-11-17 11:49:08,814 DEBUG: Total number of tasks: 1
2023-11-17 11:49:08,814  INFO:  -- START  -- kwilena_ben.xml
2023-11-17 11:49:08,814  INFO:  -- Fri Nov 17 11:49:08 AWST 2023
2023-11-17 11:49:08,814  INFO:  -- TASK 1/1 -- /scevo/config/tasks/data/uwa/aed/kwilena/raw/import_ben.xml 11:49:08 am
2023-11-17 11:49:08,967 ERROR: CAUGHT EXCEPTION: 
ARMS Address supplied could not be found. Failed to find chlorophyll_rfu in scevo.data.uwa.aed.kwilena.raw.benthic.chlorophyll_rfu

Error in Task: 1

Error in Task: 1
Config file: /scevo/config/tasks/data/uwa/aed/kwilena/raw/import_ben.xml
Method: executeTask

cwr.arms.tasks.TaskException: 
ARMS Address supplied could not be found. Failed to find chlorophyll_rfu in scevo.data.uwa.aed.kwilena.raw.benthic.chlorophyll_rfu

Error in Task: 1

Error in Task: 1
Config file: /scevo/config/tasks/data/uwa/aed/kwilena/raw/import_ben.xml
Method: executeTask

	at cwr.arms.tasks.data.textfile.ImportTask.executeTask(ImportTask.java:223)
	at cwr.arms.tasks.TaskList.runTasksList(TaskList.java:218)
	at cwr.arms.tasks.TaskListManager.runTaskListFileUnThreaded(TaskListManager.java:109)
	at cwr.arms.tasks.TaskListManager$1.run(TaskListManager.java:144)
	at java.base/java.util.concurrent.ThreadPoolExecutor.runWorker(ThreadPoolExecutor.java:1128)
	at java.base/java.util.concurrent.ThreadPoolExecutor$Worker.run(ThreadPoolExecutor.java:628)
	at java.base/java.lang.Thread.run(Thread.java:829)
2023-11-17 11:49:08,968  INFO:  -- END  -- Fri Nov 17 11:49:08 AWST 2023
2023-11-17 11:49:08,968  INFO: Number of errors: 1
2023-11-21 14:02:45,766 DEBUG:  -- START OF ARMS SYSTEM PROCESSING -- 
2023-11-21 14:02:45,787 DEBUG: Task list loaded.
2023-11-21 14:02:45,787 DEBUG: Total number of tasks: 1
2023-11-21 14:02:45,788  INFO:  -- START  -- kwilena_ben.xml
2023-11-21 14:02:45,788  INFO:  -- Tue Nov 21 14:02:45 AWST 2023
2023-11-21 14:02:45,788  INFO:  -- TASK 1/1 -- /scevo/config/tasks/data/uwa/aed/kwilena/raw/import_ben.xml 2:02:45 pm
2023-11-21 14:02:45,935 ERROR: CAUGHT EXCEPTION: 
No files to process

Error in Task: 1

Error in Task: 1
Config file: /scevo/config/tasks/data/uwa/aed/kwilena/raw/import_ben.xml
Method: executeTask

cwr.arms.tasks.TaskException: 
No files to process

Error in Task: 1

Error in Task: 1
Config file: /scevo/config/tasks/data/uwa/aed/kwilena/raw/import_ben.xml
Method: executeTask

	at cwr.arms.tasks.data.textfile.ImportTask.executeTask(ImportTask.java:98)
	at cwr.arms.tasks.TaskList.runTasksList(TaskList.java:218)
	at cwr.arms.tasks.TaskListManager.runTaskListFileUnThreaded(TaskListManager.java:109)
	at cwr.arms.tasks.TaskListManager$1.run(TaskListManager.java:144)
	at java.base/java.util.concurrent.ThreadPoolExecutor.runWorker(ThreadPoolExecutor.java:1128)
	at java.base/java.util.concurrent.ThreadPoolExecutor$Worker.run(ThreadPoolExecutor.java:628)
	at java.base/java.lang.Thread.run(Thread.java:829)
2023-11-21 14:02:45,936  INFO:  -- END  -- Tue Nov 21 14:02:45 AWST 2023
2023-11-21 14:02:45,936  INFO: Number of errors: 1
2023-11-21 14:13:46,063 DEBUG:  -- START OF ARMS SYSTEM PROCESSING -- 
2023-11-21 14:13:46,066 DEBUG: Task list loaded.
2023-11-21 14:13:46,066 DEBUG: Total number of tasks: 1
2023-11-21 14:13:46,066  INFO:  -- START  -- kwilena_ben.xml
2023-11-21 14:13:46,066  INFO:  -- Tue Nov 21 14:13:46 AWST 2023
2023-11-21 14:13:46,066  INFO:  -- TASK 1/1 -- /scevo/config/tasks/data/uwa/aed/kwilena/raw/import_ben.xml 2:13:46 pm
2023-11-21 14:13:46,219  INFO: Importing file 20231120.csv
2023-11-21 14:14:20,722  INFO: Importing file 20231121.csv
2023-11-21 14:14:53,575  INFO:  -- END  -- Tue Nov 21 14:14:53 AWST 2023
