2022-12-30 11:34:28,915 DEBUG:  -- START OF ARMS SYSTEM PROCESSING -- 
2022-12-30 11:34:28,918 DEBUG: Task list loaded.
2022-12-30 11:34:28,918 DEBUG: Total number of tasks: 1
2022-12-30 11:34:28,918  INFO:  -- START  -- BACD600_s.xml
2022-12-30 11:34:28,918  INFO:  -- Fri Dec 30 11:34:28 AWST 2022
2022-12-30 11:34:28,918  INFO:  -- TASK 1/1 -- /scevo/config/tasks/data/dbca/scewq/stations/BACD600_s/raw/import.xml 11:34:28 am
2022-12-30 11:34:29,009 ERROR: CAUGHT EXCEPTION: 
No files to process

Error in Task: 1

Error in Task: 1
Config file: /scevo/config/tasks/data/dbca/scewq/stations/BACD600_s/raw/import.xml
Method: executeTask

cwr.arms.tasks.TaskException: 
No files to process

Error in Task: 1

Error in Task: 1
Config file: /scevo/config/tasks/data/dbca/scewq/stations/BACD600_s/raw/import.xml
Method: executeTask

	at cwr.arms.tasks.data.textfile.ImportTask.executeTask(ImportTask.java:98)
	at cwr.arms.tasks.TaskList.runTasksList(TaskList.java:218)
	at cwr.arms.tasks.TaskListManager.runTaskListFileUnThreaded(TaskListManager.java:109)
	at cwr.arms.tasks.TaskListManager$1.run(TaskListManager.java:144)
	at java.base/java.util.concurrent.ThreadPoolExecutor.runWorker(ThreadPoolExecutor.java:1128)
	at java.base/java.util.concurrent.ThreadPoolExecutor$Worker.run(ThreadPoolExecutor.java:628)
	at java.base/java.lang.Thread.run(Thread.java:829)
2022-12-30 11:34:29,010  INFO:  -- END  -- Fri Dec 30 11:34:29 AWST 2022
2022-12-30 11:34:29,010  INFO: Number of errors: 1
