2023-01-23 16:00:50,872 DEBUG:  -- START OF ARMS SYSTEM PROCESSING -- 
2023-01-23 16:00:50,907 DEBUG: Task list loaded.
2023-01-23 16:00:50,907 DEBUG: Total number of tasks: 1
2023-01-23 16:00:50,908  INFO:  -- START  -- MAS_b.xml
2023-01-23 16:00:50,908  INFO:  -- Mon Jan 23 16:00:50 AWST 2023
2023-01-23 16:00:50,908  INFO:  -- TASK 1/1 -- /scevo/config/tasks/data/dbca/scesb/stations/MAS_b/raw/import.xml 4:00:50 pm
2023-01-23 16:00:51,002 ERROR: CAUGHT EXCEPTION: 
No files to process

Error in Task: 1

Error in Task: 1
Config file: /scevo/config/tasks/data/dbca/scesb/stations/MAS_b/raw/import.xml
Method: executeTask

cwr.arms.tasks.TaskException: 
No files to process

Error in Task: 1

Error in Task: 1
Config file: /scevo/config/tasks/data/dbca/scesb/stations/MAS_b/raw/import.xml
Method: executeTask

	at cwr.arms.tasks.data.textfile.ImportTask.executeTask(ImportTask.java:98)
	at cwr.arms.tasks.TaskList.runTasksList(TaskList.java:218)
	at cwr.arms.tasks.TaskListManager.runTaskListFileUnThreaded(TaskListManager.java:109)
	at cwr.arms.tasks.TaskListManager$1.run(TaskListManager.java:144)
	at java.base/java.util.concurrent.ThreadPoolExecutor.runWorker(ThreadPoolExecutor.java:1128)
	at java.base/java.util.concurrent.ThreadPoolExecutor$Worker.run(ThreadPoolExecutor.java:628)
	at java.base/java.lang.Thread.run(Thread.java:829)
2023-01-23 16:00:51,003  INFO:  -- END  -- Mon Jan 23 16:00:51 AWST 2023
2023-01-23 16:00:51,003  INFO: Number of errors: 1
2023-01-23 16:01:46,329 DEBUG:  -- START OF ARMS SYSTEM PROCESSING -- 
2023-01-23 16:01:46,331 DEBUG: Task list loaded.
2023-01-23 16:01:46,331 DEBUG: Total number of tasks: 1
2023-01-23 16:01:46,331  INFO:  -- START  -- MAS_b.xml
2023-01-23 16:01:46,331  INFO:  -- Mon Jan 23 16:01:46 AWST 2023
2023-01-23 16:01:46,331  INFO:  -- TASK 1/1 -- /scevo/config/tasks/data/dbca/scesb/stations/MAS_b/raw/import.xml 4:01:46 pm
2023-01-23 16:01:46,430 ERROR: CAUGHT EXCEPTION: 
No files to process

Error in Task: 1

Error in Task: 1
Config file: /scevo/config/tasks/data/dbca/scesb/stations/MAS_b/raw/import.xml
Method: executeTask

cwr.arms.tasks.TaskException: 
No files to process

Error in Task: 1

Error in Task: 1
Config file: /scevo/config/tasks/data/dbca/scesb/stations/MAS_b/raw/import.xml
Method: executeTask

	at cwr.arms.tasks.data.textfile.ImportTask.executeTask(ImportTask.java:98)
	at cwr.arms.tasks.TaskList.runTasksList(TaskList.java:218)
	at cwr.arms.tasks.TaskListManager.runTaskListFileUnThreaded(TaskListManager.java:109)
	at cwr.arms.tasks.TaskListManager$1.run(TaskListManager.java:144)
	at java.base/java.util.concurrent.ThreadPoolExecutor.runWorker(ThreadPoolExecutor.java:1128)
	at java.base/java.util.concurrent.ThreadPoolExecutor$Worker.run(ThreadPoolExecutor.java:628)
	at java.base/java.lang.Thread.run(Thread.java:829)
2023-01-23 16:01:46,430  INFO:  -- END  -- Mon Jan 23 16:01:46 AWST 2023
2023-01-23 16:01:46,430  INFO: Number of errors: 1
