2022-10-24 15:21:18,318 DEBUG:  -- START OF ARMS SYSTEM PROCESSING -- 
2022-10-24 15:21:18,321 ERROR: CAUGHT EXCEPTION: 
File specified does not exist in database: /scevo/config/resources/data/dbca/sccwq/stations/AIRSMD/raw/copy_dbca_file.xml
Method: setTaskConfig

cwr.arms.tasks.TaskException: 
File specified does not exist in database: /scevo/config/resources/data/dbca/sccwq/stations/AIRSMD/raw/copy_dbca_file.xml
Method: setTaskConfig

	at cwr.arms.tasks.TaskFactory.setTaskConfig(TaskFactory.java:43)
	at cwr.arms.tasks.file.copy.CopyFilesTaskFactory.getInstance(CopyFilesTaskFactory.java:38)
	at cwr.arms.tasks.TaskList.addTask_(TaskList.java:278)
	at cwr.arms.tasks.TaskList.runTasksList(TaskList.java:169)
	at cwr.arms.tasks.TaskListManager.runTaskListFileUnThreaded(TaskListManager.java:109)
	at cwr.arms.tasks.TaskListManager$1.run(TaskListManager.java:144)
	at java.base/java.util.concurrent.ThreadPoolExecutor.runWorker(ThreadPoolExecutor.java:1128)
	at java.base/java.util.concurrent.ThreadPoolExecutor$Worker.run(ThreadPoolExecutor.java:628)
	at java.base/java.lang.Thread.run(Thread.java:829)
2022-10-24 15:23:17,262 DEBUG:  -- START OF ARMS SYSTEM PROCESSING -- 
2022-10-24 15:23:17,265 ERROR: CAUGHT EXCEPTION: 
File specified does not exist in database: /scevo/config/resources/data/dbca/sccwq/stations/AIRSMD/raw/copy_dbca_file.xml
Method: setTaskConfig

cwr.arms.tasks.TaskException: 
File specified does not exist in database: /scevo/config/resources/data/dbca/sccwq/stations/AIRSMD/raw/copy_dbca_file.xml
Method: setTaskConfig

	at cwr.arms.tasks.TaskFactory.setTaskConfig(TaskFactory.java:43)
	at cwr.arms.tasks.file.copy.CopyFilesTaskFactory.getInstance(CopyFilesTaskFactory.java:38)
	at cwr.arms.tasks.TaskList.addTask_(TaskList.java:278)
	at cwr.arms.tasks.TaskList.runTasksList(TaskList.java:169)
	at cwr.arms.tasks.TaskListManager.runTaskListFileUnThreaded(TaskListManager.java:109)
	at cwr.arms.tasks.TaskListManager$1.run(TaskListManager.java:144)
	at java.base/java.util.concurrent.ThreadPoolExecutor.runWorker(ThreadPoolExecutor.java:1128)
	at java.base/java.util.concurrent.ThreadPoolExecutor$Worker.run(ThreadPoolExecutor.java:628)
	at java.base/java.lang.Thread.run(Thread.java:829)
2023-11-07 13:45:32,331 DEBUG:  -- START OF ARMS SYSTEM PROCESSING -- 
2023-11-07 13:45:32,376 DEBUG: Task list loaded.
2023-11-07 13:45:32,377 DEBUG: Total number of tasks: 1
2023-11-07 13:45:32,377  INFO:  -- START  -- AIRSMD.xml
2023-11-07 13:45:32,385  INFO:  -- Tue Nov 07 13:45:32 AWST 2023
2023-11-07 13:45:32,386  INFO:  -- TASK 1/1 -- /scevo/config/tasks/data/dbca/sccwq/stations/AIRSMD/raw/import.xml 1:45:32 pm
2023-11-07 13:45:32,548  INFO: Importing file dbca_AIRSMD_2023-11-03_0525.csv
2023-11-07 13:56:27,203  INFO:  -- END  -- Tue Nov 07 13:56:27 AWST 2023
2023-11-09 08:54:10,450 DEBUG:  -- START OF ARMS SYSTEM PROCESSING -- 
2023-11-09 08:54:10,467 DEBUG: Task list loaded.
2023-11-09 08:54:10,467 DEBUG: Total number of tasks: 1
2023-11-09 08:54:10,467  INFO:  -- START  -- AIRSMD.xml
2023-11-09 08:54:10,467  INFO:  -- Thu Nov 09 08:54:10 AWST 2023
2023-11-09 08:54:10,467  INFO:  -- TASK 1/1 -- /scevo/config/tasks/data/dbca/sccwq/stations/AIRSMD/raw/import.xml 8:54:10 am
2023-11-09 08:54:10,787 ERROR: CAUGHT EXCEPTION: 
No files to process

Error in Task: 1

Error in Task: 1
Config file: /scevo/config/tasks/data/dbca/sccwq/stations/AIRSMD/raw/import.xml
Method: executeTask

cwr.arms.tasks.TaskException: 
No files to process

Error in Task: 1

Error in Task: 1
Config file: /scevo/config/tasks/data/dbca/sccwq/stations/AIRSMD/raw/import.xml
Method: executeTask

	at cwr.arms.tasks.data.textfile.ImportTask.executeTask(ImportTask.java:98)
	at cwr.arms.tasks.TaskList.runTasksList(TaskList.java:218)
	at cwr.arms.tasks.TaskListManager.runTaskListFileUnThreaded(TaskListManager.java:109)
	at cwr.arms.tasks.TaskListManager$1.run(TaskListManager.java:144)
	at java.base/java.util.concurrent.ThreadPoolExecutor.runWorker(ThreadPoolExecutor.java:1128)
	at java.base/java.util.concurrent.ThreadPoolExecutor$Worker.run(ThreadPoolExecutor.java:628)
	at java.base/java.lang.Thread.run(Thread.java:829)
2023-11-09 08:54:10,787  INFO:  -- END  -- Thu Nov 09 08:54:10 AWST 2023
2023-11-09 08:54:10,787  INFO: Number of errors: 1
2023-11-15 09:53:54,960 DEBUG:  -- START OF ARMS SYSTEM PROCESSING -- 
2023-11-15 09:53:54,979 DEBUG: Task list loaded.
2023-11-15 09:53:54,979 DEBUG: Total number of tasks: 1
2023-11-15 09:53:54,979  INFO:  -- START  -- AIRSMD.xml
2023-11-15 09:53:54,979  INFO:  -- Wed Nov 15 09:53:54 AWST 2023
2023-11-15 09:53:54,979  INFO:  -- TASK 1/1 -- /scevo/config/tasks/data/dbca/sccwq/stations/AIRSMD/raw/import.xml 9:53:54 am
2023-11-15 09:53:55,318 ERROR: CAUGHT EXCEPTION: 
No files to process

Error in Task: 1

Error in Task: 1
Config file: /scevo/config/tasks/data/dbca/sccwq/stations/AIRSMD/raw/import.xml
Method: executeTask

cwr.arms.tasks.TaskException: 
No files to process

Error in Task: 1

Error in Task: 1
Config file: /scevo/config/tasks/data/dbca/sccwq/stations/AIRSMD/raw/import.xml
Method: executeTask

	at cwr.arms.tasks.data.textfile.ImportTask.executeTask(ImportTask.java:98)
	at cwr.arms.tasks.TaskList.runTasksList(TaskList.java:218)
	at cwr.arms.tasks.TaskListManager.runTaskListFileUnThreaded(TaskListManager.java:109)
	at cwr.arms.tasks.TaskListManager$1.run(TaskListManager.java:144)
	at java.base/java.util.concurrent.ThreadPoolExecutor.runWorker(ThreadPoolExecutor.java:1128)
	at java.base/java.util.concurrent.ThreadPoolExecutor$Worker.run(ThreadPoolExecutor.java:628)
	at java.base/java.lang.Thread.run(Thread.java:829)
2023-11-15 09:53:55,318  INFO:  -- END  -- Wed Nov 15 09:53:55 AWST 2023
2023-11-15 09:53:55,318  INFO: Number of errors: 1
2023-11-15 09:56:32,657 DEBUG:  -- START OF ARMS SYSTEM PROCESSING -- 
2023-11-15 09:56:32,659 DEBUG: Task list loaded.
2023-11-15 09:56:32,659 DEBUG: Total number of tasks: 1
2023-11-15 09:56:32,659  INFO:  -- START  -- AIRSMD.xml
2023-11-15 09:56:32,659  INFO:  -- Wed Nov 15 09:56:32 AWST 2023
2023-11-15 09:56:32,659  INFO:  -- TASK 1/1 -- /scevo/config/tasks/data/dbca/sccwq/stations/AIRSMD/raw/import.xml 9:56:32 am
2023-11-15 09:56:32,952 ERROR: CAUGHT EXCEPTION: 
No files to process

Error in Task: 1

Error in Task: 1
Config file: /scevo/config/tasks/data/dbca/sccwq/stations/AIRSMD/raw/import.xml
Method: executeTask

cwr.arms.tasks.TaskException: 
No files to process

Error in Task: 1

Error in Task: 1
Config file: /scevo/config/tasks/data/dbca/sccwq/stations/AIRSMD/raw/import.xml
Method: executeTask

	at cwr.arms.tasks.data.textfile.ImportTask.executeTask(ImportTask.java:98)
	at cwr.arms.tasks.TaskList.runTasksList(TaskList.java:218)
	at cwr.arms.tasks.TaskListManager.runTaskListFileUnThreaded(TaskListManager.java:109)
	at cwr.arms.tasks.TaskListManager$1.run(TaskListManager.java:144)
	at java.base/java.util.concurrent.ThreadPoolExecutor.runWorker(ThreadPoolExecutor.java:1128)
	at java.base/java.util.concurrent.ThreadPoolExecutor$Worker.run(ThreadPoolExecutor.java:628)
	at java.base/java.lang.Thread.run(Thread.java:829)
2023-11-15 09:56:32,952  INFO:  -- END  -- Wed Nov 15 09:56:32 AWST 2023
2023-11-15 09:56:32,952  INFO: Number of errors: 1
